<?xml version="1.0" encoding="UTF-8"?>
<testng-results ignored="0" total="3" passed="2" failed="1" skipped="0">
  <reporter-output>
  </reporter-output>
  <suite started-at="2023-07-20T11:59:52 IST" name="Suite" finished-at="2023-07-20T12:00:40 IST" duration-ms="47850">
    <groups>
    </groups>
    <test started-at="2023-07-20T11:59:52 IST" name="Test" finished-at="2023-07-20T12:00:40 IST" duration-ms="47850">
      <class name="tests.LoginTest">
        <test-method is-config="true" signature="beforeSuite()[pri:0, instance:tests.LoginTest@2a798d51]" started-at="2023-07-20T11:59:52 IST" name="beforeSuite" finished-at="2023-07-20T11:59:52 IST" duration-ms="22" status="PASS">
          <reporter-output>
          </reporter-output>
        </test-method> <!-- beforeSuite -->
        <test-method is-config="true" signature="tearUp()[pri:0, instance:tests.LoginTest@2a798d51]" started-at="2023-07-20T11:59:52 IST" name="tearUp" finished-at="2023-07-20T12:00:08 IST" duration-ms="15494" status="PASS">
          <reporter-output>
          </reporter-output>
        </test-method> <!-- tearUp -->
        <test-method signature="verifyLoginTest()[pri:0, instance:tests.LoginTest@2a798d51]" started-at="2023-07-20T12:00:08 IST" name="verifyLoginTest" description="Verifying login test" finished-at="2023-07-20T12:00:14 IST" duration-ms="6475" status="PASS">
          <reporter-output>
          </reporter-output>
        </test-method> <!-- verifyLoginTest -->
        <test-method is-config="true" signature="tearDown()[pri:0, instance:tests.LoginTest@2a798d51]" started-at="2023-07-20T12:00:15 IST" name="tearDown" finished-at="2023-07-20T12:00:15 IST" duration-ms="456" status="PASS">
          <reporter-output>
          </reporter-output>
        </test-method> <!-- tearDown -->
      </class> <!-- tests.LoginTest -->
      <class name="tests.HomePageTest">
        <test-method is-config="true" signature="tearUp()[pri:0, instance:tests.HomePageTest@222545dc]" started-at="2023-07-20T11:59:52 IST" name="tearUp" finished-at="2023-07-20T12:00:11 IST" duration-ms="18651" status="PASS">
          <reporter-output>
          </reporter-output>
        </test-method> <!-- tearUp -->
        <test-method signature="verifyAddCustomer()[pri:0, instance:tests.HomePageTest@222545dc]" started-at="2023-07-20T12:00:11 IST" name="verifyAddCustomer" description="Verifying add customer functionality" finished-at="2023-07-20T12:00:33 IST" duration-ms="22025" status="FAIL">
          <exception class="java.lang.AssertionError">
            <message>
              <![CDATA[Search text did not display !!! expected [true] but found [false]]]>
            </message>
            <full-stacktrace>
              <![CDATA[java.lang.AssertionError: Search text did not display !!! expected [true] but found [false]
at org.testng.Assert.fail(Assert.java:111)
at org.testng.Assert.failNotEquals(Assert.java:1578)
at org.testng.Assert.assertTrue(Assert.java:57)
at tests.HomePageTest.verifyAddCustomer(HomePageTest.java:58)
at java.base/jdk.internal.reflect.DirectMethodHandleAccessor.invoke(DirectMethodHandleAccessor.java:104)
at java.base/java.lang.reflect.Method.invoke(Method.java:578)
at org.testng.internal.invokers.MethodInvocationHelper.invokeMethod(MethodInvocationHelper.java:139)
at org.testng.internal.invokers.TestInvoker.invokeMethod(TestInvoker.java:664)
at org.testng.internal.invokers.TestInvoker.invokeTestMethod(TestInvoker.java:227)
at org.testng.internal.invokers.MethodRunner.runInSequence(MethodRunner.java:50)
at org.testng.internal.invokers.TestInvoker$MethodInvocationAgent.invoke(TestInvoker.java:957)
at org.testng.internal.invokers.TestInvoker.invokeTestMethods(TestInvoker.java:200)
at org.testng.internal.invokers.TestMethodWorker.invokeTestMethods(TestMethodWorker.java:148)
at org.testng.internal.invokers.TestMethodWorker.run(TestMethodWorker.java:128)
at java.base/java.util.concurrent.ThreadPoolExecutor.runWorker(ThreadPoolExecutor.java:1144)
at java.base/java.util.concurrent.ThreadPoolExecutor$Worker.run(ThreadPoolExecutor.java:642)
at java.base/java.lang.Thread.run(Thread.java:1623)
]]>
            </full-stacktrace>
          </exception> <!-- java.lang.AssertionError -->
          <reporter-output>
          </reporter-output>
        </test-method> <!-- verifyAddCustomer -->
        <test-method is-config="true" signature="tearUp()[pri:0, instance:tests.HomePageTest@222545dc]" started-at="2023-07-20T12:00:16 IST" name="tearUp" finished-at="2023-07-20T12:00:34 IST" duration-ms="18363" status="PASS">
          <reporter-output>
          </reporter-output>
        </test-method> <!-- tearUp -->
        <test-method signature="verifyHomePageTest(java.lang.String,java.lang.String)[pri:0, instance:tests.HomePageTest@222545dc]" started-at="2023-07-20T12:00:34 IST" name="verifyHomePageTest" description="Verifying home page test" data-provider="getData" finished-at="2023-07-20T12:00:39 IST" duration-ms="5158" status="PASS">
          <params>
            <param index="0">
              <value>
                <![CDATA[Admin]]>
              </value>
            </param>
            <param index="1">
              <value>
                <![CDATA[admin123]]>
              </value>
            </param>
          </params>
          <reporter-output>
          </reporter-output>
        </test-method> <!-- verifyHomePageTest -->
        <test-method is-config="true" signature="tearDown()[pri:0, instance:tests.HomePageTest@222545dc]" started-at="2023-07-20T12:00:34 IST" name="tearDown" finished-at="2023-07-20T12:00:36 IST" duration-ms="2244" status="PASS">
          <reporter-output>
          </reporter-output>
        </test-method> <!-- tearDown -->
        <test-method is-config="true" signature="tearDown()[pri:0, instance:tests.HomePageTest@222545dc]" started-at="2023-07-20T12:00:39 IST" name="tearDown" finished-at="2023-07-20T12:00:40 IST" duration-ms="318" status="PASS">
          <reporter-output>
          </reporter-output>
        </test-method> <!-- tearDown -->
      </class> <!-- tests.HomePageTest -->
    </test> <!-- Test -->
  </suite> <!-- Suite -->
</testng-results>
